[2026-04-06 19:12:32] archive start
[2026-04-06 19:12:32] PACK training pre_size_bytes=767149070920
[2026-04-06 19:32:28] archive finalize start
[2026-04-06 19:32:28] GROUP training pre_size_bytes=767149070920
[2026-04-06 19:32:28] REUSE training existing archive
[2026-04-06 19:32:28] HASH training existing archive
[2026-04-06 19:42:28] MANIFEST training from source tree
[2026-04-06 19:42:31] DONE training archive_size_bytes=708331205118 ratio=0.923329 sha_check=ok list_check=failed
[2026-04-06 19:42:31] GROUP eval pre_size_bytes=63854
[2026-04-06 19:42:31] REUSE eval existing archive
[2026-04-06 19:42:31] DONE eval archive_size_bytes=5284 ratio=0.082751 sha_check=ok list_check=ok
[2026-04-06 19:42:31] GROUP visualizations pre_size_bytes=371540256
[2026-04-06 19:42:31] REUSE visualizations existing archive
[2026-04-06 19:42:31] DONE visualizations archive_size_bytes=370969502 ratio=0.998464 sha_check=ok list_check=failed
[2026-04-06 19:42:31] GROUP queue pre_size_bytes=200149
[2026-04-06 19:42:31] REUSE queue existing archive
[2026-04-06 19:42:31] DONE queue archive_size_bytes=15772 ratio=0.078801 sha_check=ok list_check=failed
[2026-04-06 19:42:31] GROUP audits pre_size_bytes=117914436008
[2026-04-06 19:42:31] REUSE audits existing archive
[2026-04-06 19:42:31] DONE audits archive_size_bytes=108969043684 ratio=0.924137 sha_check=ok list_check=failed
[2026-04-06 19:42:31] GROUP benchmarks pre_size_bytes=19924406155
[2026-04-06 19:42:31] REUSE benchmarks existing archive
[2026-04-06 19:42:34] DONE benchmarks archive_size_bytes=18432307017 ratio=0.925112 sha_check=ok list_check=failed
[2026-04-06 19:42:34] GROUP smoke_tests pre_size_bytes=20884071
[2026-04-06 19:42:34] REUSE smoke_tests existing archive
[2026-04-06 19:42:34] DONE smoke_tests archive_size_bytes=19137321 ratio=0.916360 sha_check=ok list_check=failed
[2026-04-06 19:42:34] GROUP background_jobs pre_size_bytes=118870
[2026-04-06 19:42:34] REUSE background_jobs existing archive
[2026-04-06 19:42:34] DONE background_jobs archive_size_bytes=10492 ratio=0.088264 sha_check=ok list_check=failed
[2026-04-06 19:42:34] archive finalize finished
