[2026-04-06 20:23:59] START live purge execute pass
[2026-04-06 20:23:59] Restore spot-check 1/9: outputs_training_archive_20260406.tar.zst
[2026-04-06 20:23:59] Selected sample for outputs_training_archive_20260406.tar.zst: ['outputs/training/stwm_v4_2_1b_confirmation_staged/state/seed_123/wo_semantics_v4_2/train_log.jsonl']
[2026-04-06 20:24:52] Restore spot-check 2/9: outputs_audits_archive_20260406.tar.zst
[2026-04-06 20:24:52] Selected sample for outputs_audits_archive_20260406.tar.zst: ['outputs/audits/stwm_v4_2_phase01_20260401_155536/budget_1b.json']
[2026-04-06 20:24:52] Restore spot-check 3/9: outputs_benchmarks_archive_20260406.tar.zst
[2026-04-06 20:24:52] Selected sample for outputs_benchmarks_archive_20260406.tar.zst: ['outputs/benchmarks/stwm_frontend_cache_confirm_v1/ab_report.json']
[2026-04-06 20:25:05] Restore spot-check 4/9: outputs_visualizations_archive_20260406.tar.zst
[2026-04-06 20:25:05] Selected sample for outputs_visualizations_archive_20260406.tar.zst: ['outputs/visualizations/stwm_v4_2_1b_confirmation_multiseed_casebook/semantic_sensitive_cases/1041_kIXALP9plU0_seed123.png']
[2026-04-06 20:25:05] Restore spot-check 5/9: outputs_smoke_tests_archive_20260406.tar.zst
[2026-04-06 20:25:05] Selected sample for outputs_smoke_tests_archive_20260406.tar.zst: ['outputs/smoke_tests/cutie_vspw/Annotations/43_-LB7cp3_mqY/00000747.png']
[2026-04-06 20:25:05] Restore spot-check 6/9: outputs_queue_archive_20260406.tar.zst
[2026-04-06 20:25:05] Selected sample for outputs_queue_archive_20260406.tar.zst: ['outputs/queue/stwm_v4_2_real_matrix/rebalance_backup_20260402_205632/1775132036649_stwm_real_220m_seed123_wo_object_bias.job']
[2026-04-06 20:25:05] Restore spot-check 7/9: outputs_background_jobs_archive_20260406.tar.zst
[2026-04-06 20:25:05] Selected sample for outputs_background_jobs_archive_20260406.tar.zst: ['outputs/background_jobs/stwm_two_path_residual_promotion_decision_v1.log']
[2026-04-06 20:25:05] Restore spot-check 8/9: outputs_eval_archive_20260406.tar.zst
[2026-04-06 20:25:05] Selected sample for outputs_eval_archive_20260406.tar.zst: ['outputs/eval/stwm_v4_2_detached_protocol_eval_20260403/retry_launch.log']
[2026-04-06 20:25:05] Restore spot-check 9/9: outputs_keep_reclassified_archive_20260406.tar.zst
[2026-04-06 20:25:05] Selected sample for outputs_keep_reclassified_archive_20260406.tar.zst: ['outputs/training/stwm_v4_2_real_1b/seed_123/wo_semantics_v4_2_1b/mini_val_summary.json']
[2026-04-06 20:26:00] Restore overall pass: True
[2026-04-06 20:26:29] DONE purge before=1.02TB after=297B freed=1.02TB
